[2024-01-15 14:00:00] ERROR: Server overloaded - CPU usage 99% - dropping connections
[2024-01-15 14:00:00] ERROR: Connection flood detected - 198.51.100.0 - 5000 req/sec
[2024-01-15 14:00:01] ERROR: Memory exhausted - OOM killer invoked
[2024-01-15 14:00:01] ERROR: SYN flood detected - 50000 half-open connections
[2024-01-15 14:00:02] ERROR: HTTP flood - 198.51.100.0 - 8000 GET /index.html per second
[2024-01-15 14:00:02] WARNING: Disk I/O overload - write queue full
[2024-01-15 14:00:03] ERROR: Database connection pool exhausted - all 100 connections in use
[2024-01-15 14:00:03] ERROR: Service unavailable - nginx worker processes killed
[2024-01-15 14:00:04] ERROR: Bandwidth saturation - 9.8 Gbps incoming traffic
[2024-01-15 14:00:04] WARNING: Load balancer health check failing - backend 192.168.1.20 down
[2024-01-15 14:00:05] ERROR: UDP flood - 198.51.100.0 - amplification attack detected
[2024-01-15 14:00:05] ERROR: Application crash - web_server PID 1234 segfault
[2024-01-15 14:00:06] ERROR: Firewall rule table full - dropping all new connections
[2024-01-15 14:00:06] WARNING: Network switch overheating - CPU 95%
[2024-01-15 14:00:07] ERROR: DNS amplification detected - 400x amplification factor
[2024-01-15 14:00:07] ERROR: Ping of death detected - malformed ICMP packets
[2024-01-15 14:00:08] ERROR: SSL/TLS handshake flood - certificate renegotiation attack
[2024-01-15 14:00:08] ERROR: Thread pool exhausted - all 200 threads busy
[2024-01-15 14:00:09] ERROR: Slowloris attack detected - connections held open 198.51.100.0
[2024-01-15 14:00:09] WARNING: Backup system also under attack - failover failed
[2024-01-15 14:00:10] ERROR: NTP amplification attack - 556x amplification
[2024-01-15 14:00:10] ERROR: API gateway timeout - upstream 504 errors on all routes
[2024-01-15 14:00:11] ERROR: Log server overwhelmed - dropping log entries
[2024-01-15 14:00:11] WARNING: Emergency rate limiting activated - all IPs throttled
[2024-01-15 14:00:12] ERROR: CDN origin shield bypassed - direct attack on origin server
[2024-01-15 14:00:12] ERROR: Smurf attack detected - broadcast ICMP flood
[2024-01-15 14:00:13] ERROR: RUDY attack detected - slow POST body submission
[2024-01-15 14:00:13] WARNING: ISP upstream contacted for emergency null routing
[2024-01-15 14:00:14] ERROR: Container orchestration failure - all pods evicted
[2024-01-15 14:00:14] ERROR: Complete service outage - all health checks failing
